0 info it worked if it ends with ok
1 verbose cli [ 'node', '/Users/sgoldm/.node/bin/npm', 'adduser' ]
2 info using npm@2.11.2
3 info using node@v0.12.4
4 verbose node symlink /usr/local/bin/node
5 verbose stack Error: canceled
5 verbose stack     at Interface.<anonymous> (/Users/sgoldm/.node/lib/node_modules/npm/node_modules/read/lib/read.js:66:13)
5 verbose stack     at Interface.emit (events.js:104:17)
5 verbose stack     at Interface._ttyWrite (readline.js:694:16)
5 verbose stack     at ReadStream.onkeypress (readline.js:109:10)
5 verbose stack     at ReadStream.emit (events.js:110:17)
5 verbose stack     at readline.js:1175:14
5 verbose stack     at Array.forEach (native)
5 verbose stack     at emitKeys (readline.js:993:10)
5 verbose stack     at ReadStream.onData (readline.js:910:14)
5 verbose stack     at ReadStream.emit (events.js:107:17)
6 verbose cwd /Users/sgoldm/Development/join-images-prototype
7 error Darwin 13.4.0
8 error argv "node" "/Users/sgoldm/.node/bin/npm" "adduser"
9 error node v0.12.4
10 error npm  v2.11.2
11 error canceled
12 error If you need help, you may report this error at:
12 error     <https://github.com/npm/npm/issues>
13 verbose exit [ 1, true ]
